/COM,ANSYS RELEASE 2020 R1           BUILD 20.1      UP20191203       03:21:52

 *** WARNING ***                         CP =       9.625   TIME= 03:22:05
 Element shape checking is currently inactive.  Issue SHPP,ON or         
 SHPP,WARN to reactivate, if desired.                                    

 *** WARNING ***                         CP =      10.797   TIME= 03:22:06
 Pivoting has been activated for the Distributed Sparse Matrix Solver .  
 The memory required may greatly exceed the predicted amount.  In that   
 event, use the DSPOPTION command to change the memory mode and/or       
 memory size used by the Distributed Sparse Matrix Solver.               

 *** WARNING ***                         CP =      11.484   TIME= 03:22:07
 A reference force value times the tolerance is used by the              
 Newton-Raphson method for checking convergence.  The calculated         
 reference FORCE CONVERGENCE VALUE = 7.776281107E-12 is less than a      
 threshold.  This threshold defaults to 1.0 or is specified as MINREF    
 on the CNVTOL command.  Check results carefully.                        

 *** WARNING ***                         CP =      13.266   TIME= 03:22:09
 A reference force value times the tolerance is used by the              
 Newton-Raphson method for checking convergence.  The calculated         
 reference FORCE CONVERGENCE VALUE = 1.474348415E-09 is less than a      
 threshold.  This threshold defaults to 1.0 or is specified as MINREF    
 on the CNVTOL command.  Check results carefully.                        

 *** WARNING ***                         CP =      16.438   TIME= 03:22:12
 A reference force value times the tolerance is used by the              
 Newton-Raphson method for checking convergence.  The calculated         
 reference FORCE CONVERGENCE VALUE = 3.934500357E-09 is less than a      
 threshold.  This threshold defaults to 1.0 or is specified as MINREF    
 on the CNVTOL command.  Check results carefully.                        

 *** WARNING ***                         CP =      19.422   TIME= 03:22:15
 A reference force value times the tolerance is used by the              
 Newton-Raphson method for checking convergence.  The calculated         
 reference FORCE CONVERGENCE VALUE = 7.384493388E-09 is less than a      
 threshold.  This threshold defaults to 1.0 or is specified as MINREF    
 on the CNVTOL command.  Check results carefully.                        

 *** WARNING ***                         CP =      22.359   TIME= 03:22:19
 A reference force value times the tolerance is used by the              
 Newton-Raphson method for checking convergence.  The calculated         
 reference FORCE CONVERGENCE VALUE = 1.183181245E-08 is less than a      
 threshold.  This threshold defaults to 1.0 or is specified as MINREF    
 on the CNVTOL command.  Check results carefully.                        

 *** WARNING ***                         CP =      25.219   TIME= 03:22:22
 A reference force value times the tolerance is used by the              
 Newton-Raphson method for checking convergence.  The calculated         
 reference FORCE CONVERGENCE VALUE = 1.728616652E-08 is less than a      
 threshold.  This threshold defaults to 1.0 or is specified as MINREF    
 on the CNVTOL command.  Check results carefully.                        

 *** WARNING ***                         CP =      28.203   TIME= 03:22:25
 A reference force value times the tolerance is used by the              
 Newton-Raphson method for checking convergence.  The calculated         
 reference FORCE CONVERGENCE VALUE = 2.375988435E-08 is less than a      
 threshold.  This threshold defaults to 1.0 or is specified as MINREF    
 on the CNVTOL command.  Check results carefully.                        

 *** WARNING ***                         CP =      31.109   TIME= 03:22:28
 A reference force value times the tolerance is used by the              
 Newton-Raphson method for checking convergence.  The calculated         
 reference FORCE CONVERGENCE VALUE = 3.126805117E-08 is less than a      
 threshold.  This threshold defaults to 1.0 or is specified as MINREF    
 on the CNVTOL command.  Check results carefully.                        

 *** WARNING ***                         CP =      34.203   TIME= 03:22:32
 A reference force value times the tolerance is used by the              
 Newton-Raphson method for checking convergence.  The calculated         
 reference FORCE CONVERGENCE VALUE = 3.982868171E-08 is less than a      
 threshold.  This threshold defaults to 1.0 or is specified as MINREF    
 on the CNVTOL command.  Check results carefully.                        

 *** WARNING ***                         CP =      37.047   TIME= 03:22:35
 A reference force value times the tolerance is used by the              
 Newton-Raphson method for checking convergence.  The calculated         
 reference FORCE CONVERGENCE VALUE = 4.946293396E-08 is less than a      
 threshold.  This threshold defaults to 1.0 or is specified as MINREF    
 on the CNVTOL command.  Check results carefully.                        

 *** WARNING ***                         CP =      40.203   TIME= 03:22:39
 A reference force value times the tolerance is used by the              
 Newton-Raphson method for checking convergence.  The calculated         
 reference FORCE CONVERGENCE VALUE = 6.019536962E-08 is less than a      
 threshold.  This threshold defaults to 1.0 or is specified as MINREF    
 on the CNVTOL command.  Check results carefully.                        

 *** WARNING ***                         CP =      43.250   TIME= 03:22:43
 A reference force value times the tolerance is used by the              
 Newton-Raphson method for checking convergence.  The calculated         
 reference FORCE CONVERGENCE VALUE = 7.205426909E-08 is less than a      
 threshold.  This threshold defaults to 1.0 or is specified as MINREF    
 on the CNVTOL command.  Check results carefully.                        

 *** WARNING ***                         CP =      46.125   TIME= 03:22:46
 A reference force value times the tolerance is used by the              
 Newton-Raphson method for checking convergence.  The calculated         
 reference FORCE CONVERGENCE VALUE = 8.507201083E-08 is less than a      
 threshold.  This threshold defaults to 1.0 or is specified as MINREF    
 on the CNVTOL command.  Check results carefully.                        

 *** WARNING ***                         CP =      49.219   TIME= 03:22:49
 A reference force value times the tolerance is used by the              
 Newton-Raphson method for checking convergence.  The calculated         
 reference FORCE CONVERGENCE VALUE = 9.928552773E-08 is less than a      
 threshold.  This threshold defaults to 1.0 or is specified as MINREF    
 on the CNVTOL command.  Check results carefully.                        

 *** WARNING ***                         CP =      52.234   TIME= 03:22:52
 A reference force value times the tolerance is used by the              
 Newton-Raphson method for checking convergence.  The calculated         
 reference FORCE CONVERGENCE VALUE = 1.147368565E-07 is less than a      
 threshold.  This threshold defaults to 1.0 or is specified as MINREF    
 on the CNVTOL command.  Check results carefully.                        

 *** WARNING ***                         CP =      55.453   TIME= 03:22:57
 A reference force value times the tolerance is used by the              
 Newton-Raphson method for checking convergence.  The calculated         
 reference FORCE CONVERGENCE VALUE = 1.314738011E-07 is less than a      
 threshold.  This threshold defaults to 1.0 or is specified as MINREF    
 on the CNVTOL command.  Check results carefully.                        

 *** WARNING ***                         CP =      58.562   TIME= 03:23:01
 A reference force value times the tolerance is used by the              
 Newton-Raphson method for checking convergence.  The calculated         
 reference FORCE CONVERGENCE VALUE = 1.495507357E-07 is less than a      
 threshold.  This threshold defaults to 1.0 or is specified as MINREF    
 on the CNVTOL command.  Check results carefully.                        

 *** WARNING ***                         CP =      61.906   TIME= 03:23:06
 A reference force value times the tolerance is used by the              
 Newton-Raphson method for checking convergence.  The calculated         
 reference FORCE CONVERGENCE VALUE = 1.690295844E-07 is less than a      
 threshold.  This threshold defaults to 1.0 or is specified as MINREF    
 on the CNVTOL command.  Check results carefully.                        

 *** WARNING ***                         CP =      65.234   TIME= 03:23:10
 A reference force value times the tolerance is used by the              
 Newton-Raphson method for checking convergence.  The calculated         
 reference FORCE CONVERGENCE VALUE = 1.899810205E-07 is less than a      
 threshold.  This threshold defaults to 1.0 or is specified as MINREF    
 on the CNVTOL command.  Check results carefully.                        

 *** WARNING ***                         CP =      68.953   TIME= 03:23:15
 A reference force value times the tolerance is used by the              
 Newton-Raphson method for checking convergence.  The calculated         
 reference FORCE CONVERGENCE VALUE = 2.124859495E-07 is less than a      
 threshold.  This threshold defaults to 1.0 or is specified as MINREF    
 on the CNVTOL command.  Check results carefully.                        

 *** WARNING ***                         CP =      72.812   TIME= 03:23:19
 A reference force value times the tolerance is used by the              
 Newton-Raphson method for checking convergence.  The calculated         
 reference FORCE CONVERGENCE VALUE = 2.366396224E-07 is less than a      
 threshold.  This threshold defaults to 1.0 or is specified as MINREF    
 on the CNVTOL command.  Check results carefully.                        

 *** WARNING ***                         CP =      77.062   TIME= 03:23:24
 A reference force value times the tolerance is used by the              
 Newton-Raphson method for checking convergence.  The calculated         
 reference FORCE CONVERGENCE VALUE = 2.625462884E-07 is less than a      
 threshold.  This threshold defaults to 1.0 or is specified as MINREF    
 on the CNVTOL command.  Check results carefully.                        

 *** WARNING ***                         CP =      80.969   TIME= 03:23:29
 A reference force value times the tolerance is used by the              
 Newton-Raphson method for checking convergence.  The calculated         
 reference FORCE CONVERGENCE VALUE = 2.903323732E-07 is less than a      
 threshold.  This threshold defaults to 1.0 or is specified as MINREF    
 on the CNVTOL command.  Check results carefully.                        

 *** WARNING ***                         CP =      85.266   TIME= 03:23:34
 A reference force value times the tolerance is used by the              
 Newton-Raphson method for checking convergence.  The calculated         
 reference FORCE CONVERGENCE VALUE = 3.201442455E-07 is less than a      
 threshold.  This threshold defaults to 1.0 or is specified as MINREF    
 on the CNVTOL command.  Check results carefully.                        

 *** WARNING ***                         CP =      89.047   TIME= 03:23:40
 A reference force value times the tolerance is used by the              
 Newton-Raphson method for checking convergence.  The calculated         
 reference FORCE CONVERGENCE VALUE = 3.521546777E-07 is less than a      
 threshold.  This threshold defaults to 1.0 or is specified as MINREF    
 on the CNVTOL command.  Check results carefully.                        

 *** WARNING ***                         CP =      93.109   TIME= 03:23:46
 A reference force value times the tolerance is used by the              
 Newton-Raphson method for checking convergence.  The calculated         
 reference FORCE CONVERGENCE VALUE = 3.865696095E-07 is less than a      
 threshold.  This threshold defaults to 1.0 or is specified as MINREF    
 on the CNVTOL command.  Check results carefully.                        

 *** WARNING ***                         CP =      97.453   TIME= 03:23:52
 A reference force value times the tolerance is used by the              
 Newton-Raphson method for checking convergence.  The calculated         
 reference FORCE CONVERGENCE VALUE = 4.236373397E-07 is less than a      
 threshold.  This threshold defaults to 1.0 or is specified as MINREF    
 on the CNVTOL command.  Check results carefully.                        

 *** WARNING ***                         CP =     102.328   TIME= 03:23:58
 A reference force value times the tolerance is used by the              
 Newton-Raphson method for checking convergence.  The calculated         
 reference FORCE CONVERGENCE VALUE = 4.636727995E-07 is less than a      
 threshold.  This threshold defaults to 1.0 or is specified as MINREF    
 on the CNVTOL command.  Check results carefully.                        

 *** WARNING ***                         CP =     107.219   TIME= 03:24:04
 A reference force value times the tolerance is used by the              
 Newton-Raphson method for checking convergence.  The calculated         
 reference FORCE CONVERGENCE VALUE = 5.070382213E-07 is less than a      
 threshold.  This threshold defaults to 1.0 or is specified as MINREF    
 on the CNVTOL command.  Check results carefully.                        

 *** WARNING ***                         CP =     111.750   TIME= 03:24:09
 A reference force value times the tolerance is used by the              
 Newton-Raphson method for checking convergence.  The calculated         
 reference FORCE CONVERGENCE VALUE = 5.542197614E-07 is less than a      
 threshold.  This threshold defaults to 1.0 or is specified as MINREF    
 on the CNVTOL command.  Check results carefully.                        

 *** WARNING ***                         CP =     116.203   TIME= 03:24:14
 A reference force value times the tolerance is used by the              
 Newton-Raphson method for checking convergence.  The calculated         
 reference FORCE CONVERGENCE VALUE = 6.058398483E-07 is less than a      
 threshold.  This threshold defaults to 1.0 or is specified as MINREF    
 on the CNVTOL command.  Check results carefully.                        

 *** WARNING ***                         CP =     121.469   TIME= 03:24:20
 A reference force value times the tolerance is used by the              
 Newton-Raphson method for checking convergence.  The calculated         
 reference FORCE CONVERGENCE VALUE = 6.627636915E-07 is less than a      
 threshold.  This threshold defaults to 1.0 or is specified as MINREF    
 on the CNVTOL command.  Check results carefully.                        

 *** WARNING ***                         CP =     127.344   TIME= 03:24:27
 A reference force value times the tolerance is used by the              
 Newton-Raphson method for checking convergence.  The calculated         
 reference FORCE CONVERGENCE VALUE = 7.261115238E-07 is less than a      
 threshold.  This threshold defaults to 1.0 or is specified as MINREF    
 on the CNVTOL command.  Check results carefully.                        

 *** WARNING ***                         CP =     134.797   TIME= 03:24:35
 A reference force value times the tolerance is used by the              
 Newton-Raphson method for checking convergence.  The calculated         
 reference FORCE CONVERGENCE VALUE = 7.976509666E-07 is less than a      
 threshold.  This threshold defaults to 1.0 or is specified as MINREF    
 on the CNVTOL command.  Check results carefully.                        

 *** WARNING ***                         CP =     143.453   TIME= 03:24:46
 A reference force value times the tolerance is used by the              
 Newton-Raphson method for checking convergence.  The calculated         
 reference FORCE CONVERGENCE VALUE = 8.800561681E-07 is less than a      
 threshold.  This threshold defaults to 1.0 or is specified as MINREF    
 on the CNVTOL command.  Check results carefully.                        

 *** WARNING ***                         CP =     152.703   TIME= 03:24:56
 A reference force value times the tolerance is used by the              
 Newton-Raphson method for checking convergence.  The calculated         
 reference FORCE CONVERGENCE VALUE = 9.780596976E-07 is less than a      
 threshold.  This threshold defaults to 1.0 or is specified as MINREF    
 on the CNVTOL command.  Check results carefully.                        

 *** WARNING ***                         CP =     164.109   TIME= 03:25:09
 A reference force value times the tolerance is used by the              
 Newton-Raphson method for checking convergence.  The calculated         
 reference FORCE CONVERGENCE VALUE = 1.101616618E-06 is less than a      
 threshold.  This threshold defaults to 1.0 or is specified as MINREF    
 on the CNVTOL command.  Check results carefully.                        

 *** WARNING ***                         CP =     180.578   TIME= 03:25:28
 A reference force value times the tolerance is used by the              
 Newton-Raphson method for checking convergence.  The calculated         
 reference FORCE CONVERGENCE VALUE = 1.281288973E-06 is less than a      
 threshold.  This threshold defaults to 1.0 or is specified as MINREF    
 on the CNVTOL command.  Check results carefully.                        

 *** WARNING ***                         CP =     204.484   TIME= 03:25:56
 A reference force value times the tolerance is used by the              
 Newton-Raphson method for checking convergence.  The calculated         
 reference FORCE CONVERGENCE VALUE = 2.680827119E-06 is less than a      
 threshold.  This threshold defaults to 1.0 or is specified as MINREF    
 on the CNVTOL command.  Check results carefully.                        

 *** WARNING ***                         CP =     208.172   TIME= 03:26:00
 A reference force value times the tolerance is used by the              
 Newton-Raphson method for checking convergence.  The calculated         
 reference FORCE CONVERGENCE VALUE = 2.685648351E-06 is less than a      
 threshold.  This threshold defaults to 1.0 or is specified as MINREF    
 on the CNVTOL command.  Check results carefully.                        

 *** WARNING ***                         CP =     211.906   TIME= 03:26:04
 A reference force value times the tolerance is used by the              
 Newton-Raphson method for checking convergence.  The calculated         
 reference FORCE CONVERGENCE VALUE = 2.690549068E-06 is less than a      
 threshold.  This threshold defaults to 1.0 or is specified as MINREF    
 on the CNVTOL command.  Check results carefully.                        

 *** WARNING ***                         CP =     215.859   TIME= 03:26:08
 A reference force value times the tolerance is used by the              
 Newton-Raphson method for checking convergence.  The calculated         
 reference FORCE CONVERGENCE VALUE = 2.695560538E-06 is less than a      
 threshold.  This threshold defaults to 1.0 or is specified as MINREF    
 on the CNVTOL command.  Check results carefully.                        

 *** WARNING ***                         CP =     219.656   TIME= 03:26:12
 A reference force value times the tolerance is used by the              
 Newton-Raphson method for checking convergence.  The calculated         
 reference FORCE CONVERGENCE VALUE = 2.700588892E-06 is less than a      
 threshold.  This threshold defaults to 1.0 or is specified as MINREF    
 on the CNVTOL command.  Check results carefully.                        

 *** WARNING ***                         CP =     223.469   TIME= 03:26:17
 A reference force value times the tolerance is used by the              
 Newton-Raphson method for checking convergence.  The calculated         
 reference FORCE CONVERGENCE VALUE = 2.705710336E-06 is less than a      
 threshold.  This threshold defaults to 1.0 or is specified as MINREF    
 on the CNVTOL command.  Check results carefully.                        

 *** WARNING ***                         CP =     227.688   TIME= 03:26:23
 A reference force value times the tolerance is used by the              
 Newton-Raphson method for checking convergence.  The calculated         
 reference FORCE CONVERGENCE VALUE = 2.710919967E-06 is less than a      
 threshold.  This threshold defaults to 1.0 or is specified as MINREF    
 on the CNVTOL command.  Check results carefully.                        

 *** WARNING ***                         CP =     232.375   TIME= 03:26:29
 A reference force value times the tolerance is used by the              
 Newton-Raphson method for checking convergence.  The calculated         
 reference FORCE CONVERGENCE VALUE = 2.716228229E-06 is less than a      
 threshold.  This threshold defaults to 1.0 or is specified as MINREF    
 on the CNVTOL command.  Check results carefully.                        

 *** WARNING ***                         CP =     236.484   TIME= 03:26:34
 A reference force value times the tolerance is used by the              
 Newton-Raphson method for checking convergence.  The calculated         
 reference FORCE CONVERGENCE VALUE = 2.721616206E-06 is less than a      
 threshold.  This threshold defaults to 1.0 or is specified as MINREF    
 on the CNVTOL command.  Check results carefully.                        

 *** WARNING ***                         CP =     241.844   TIME= 03:26:41
 A reference force value times the tolerance is used by the              
 Newton-Raphson method for checking convergence.  The calculated         
 reference FORCE CONVERGENCE VALUE = 2.727108695E-06 is less than a      
 threshold.  This threshold defaults to 1.0 or is specified as MINREF    
 on the CNVTOL command.  Check results carefully.                        

 *** WARNING ***                         CP =     245.141   TIME= 03:26:45
 A reference force value times the tolerance is used by the              
 Newton-Raphson method for checking convergence.  The calculated         
 reference FORCE CONVERGENCE VALUE = 2.732671663E-06 is less than a      
 threshold.  This threshold defaults to 1.0 or is specified as MINREF    
 on the CNVTOL command.  Check results carefully.                        

 *** WARNING ***                         CP =     247.953   TIME= 03:26:48
 A reference force value times the tolerance is used by the              
 Newton-Raphson method for checking convergence.  The calculated         
 reference FORCE CONVERGENCE VALUE = 2.738252217E-06 is less than a      
 threshold.  This threshold defaults to 1.0 or is specified as MINREF    
 on the CNVTOL command.  Check results carefully.                        

 *** WARNING ***                         CP =     251.484   TIME= 03:26:52
 A reference force value times the tolerance is used by the              
 Newton-Raphson method for checking convergence.  The calculated         
 reference FORCE CONVERGENCE VALUE = 2.733620794E-06 is less than a      
 threshold.  This threshold defaults to 1.0 or is specified as MINREF    
 on the CNVTOL command.  Check results carefully.                        

 *** WARNING ***                         CP =     254.406   TIME= 03:26:55
 A reference force value times the tolerance is used by the              
 Newton-Raphson method for checking convergence.  The calculated         
 reference FORCE CONVERGENCE VALUE = 2.728081061E-06 is less than a      
 threshold.  This threshold defaults to 1.0 or is specified as MINREF    
 on the CNVTOL command.  Check results carefully.                        

 *** WARNING ***                         CP =     258.047   TIME= 03:26:59
 A reference force value times the tolerance is used by the              
 Newton-Raphson method for checking convergence.  The calculated         
 reference FORCE CONVERGENCE VALUE = 2.722562341E-06 is less than a      
 threshold.  This threshold defaults to 1.0 or is specified as MINREF    
 on the CNVTOL command.  Check results carefully.                        

 *** WARNING ***                         CP =     261.500   TIME= 03:27:03
 A reference force value times the tolerance is used by the              
 Newton-Raphson method for checking convergence.  The calculated         
 reference FORCE CONVERGENCE VALUE = 2.717131027E-06 is less than a      
 threshold.  This threshold defaults to 1.0 or is specified as MINREF    
 on the CNVTOL command.  Check results carefully.                        

 *** WARNING ***                         CP =     265.016   TIME= 03:27:06
 A reference force value times the tolerance is used by the              
 Newton-Raphson method for checking convergence.  The calculated         
 reference FORCE CONVERGENCE VALUE = 2.711806263E-06 is less than a      
 threshold.  This threshold defaults to 1.0 or is specified as MINREF    
 on the CNVTOL command.  Check results carefully.                        

 *** WARNING ***                         CP =     268.359   TIME= 03:27:10
 A reference force value times the tolerance is used by the              
 Newton-Raphson method for checking convergence.  The calculated         
 reference FORCE CONVERGENCE VALUE = 2.70656497E-06 is less than a       
 threshold.  This threshold defaults to 1.0 or is specified as MINREF    
 on the CNVTOL command.  Check results carefully.                        

 *** WARNING ***                         CP =     272.078   TIME= 03:27:14
 A reference force value times the tolerance is used by the              
 Newton-Raphson method for checking convergence.  The calculated         
 reference FORCE CONVERGENCE VALUE = 2.701412829E-06 is less than a      
 threshold.  This threshold defaults to 1.0 or is specified as MINREF    
 on the CNVTOL command.  Check results carefully.                        

 *** WARNING ***                         CP =     275.750   TIME= 03:27:18
 A reference force value times the tolerance is used by the              
 Newton-Raphson method for checking convergence.  The calculated         
 reference FORCE CONVERGENCE VALUE = 2.696342979E-06 is less than a      
 threshold.  This threshold defaults to 1.0 or is specified as MINREF    
 on the CNVTOL command.  Check results carefully.                        

 *** WARNING ***                         CP =     279.250   TIME= 03:27:22
 A reference force value times the tolerance is used by the              
 Newton-Raphson method for checking convergence.  The calculated         
 reference FORCE CONVERGENCE VALUE = 2.691365858E-06 is less than a      
 threshold.  This threshold defaults to 1.0 or is specified as MINREF    
 on the CNVTOL command.  Check results carefully.                        

 *** WARNING ***                         CP =     282.375   TIME= 03:27:25
 A reference force value times the tolerance is used by the              
 Newton-Raphson method for checking convergence.  The calculated         
 reference FORCE CONVERGENCE VALUE = 2.686400774E-06 is less than a      
 threshold.  This threshold defaults to 1.0 or is specified as MINREF    
 on the CNVTOL command.  Check results carefully.                        

 *** WARNING ***                         CP =     285.453   TIME= 03:27:28
 A reference force value times the tolerance is used by the              
 Newton-Raphson method for checking convergence.  The calculated         
 reference FORCE CONVERGENCE VALUE = 2.681555785E-06 is less than a      
 threshold.  This threshold defaults to 1.0 or is specified as MINREF    
 on the CNVTOL command.  Check results carefully.                        

 *** WARNING ***                         CP =     288.516   TIME= 03:27:31
 A reference force value times the tolerance is used by the              
 Newton-Raphson method for checking convergence.  The calculated         
 reference FORCE CONVERGENCE VALUE = 2.676791241E-06 is less than a      
 threshold.  This threshold defaults to 1.0 or is specified as MINREF    
 on the CNVTOL command.  Check results carefully.                        

 *** WARNING ***                         CP =     291.516   TIME= 03:27:35
 A reference force value times the tolerance is used by the              
 Newton-Raphson method for checking convergence.  The calculated         
 reference FORCE CONVERGENCE VALUE = 2.672082826E-06 is less than a      
 threshold.  This threshold defaults to 1.0 or is specified as MINREF    
 on the CNVTOL command.  Check results carefully.                        

 *** WARNING ***                         CP =     294.406   TIME= 03:27:38
 A reference force value times the tolerance is used by the              
 Newton-Raphson method for checking convergence.  The calculated         
 reference FORCE CONVERGENCE VALUE = 2.667401858E-06 is less than a      
 threshold.  This threshold defaults to 1.0 or is specified as MINREF    
 on the CNVTOL command.  Check results carefully.                        

 *** WARNING ***                         CP =     297.297   TIME= 03:27:41
 A reference force value times the tolerance is used by the              
 Newton-Raphson method for checking convergence.  The calculated         
 reference FORCE CONVERGENCE VALUE = 2.662612697E-06 is less than a      
 threshold.  This threshold defaults to 1.0 or is specified as MINREF    
 on the CNVTOL command.  Check results carefully.                        

 *** WARNING ***                         CP =     301.000   TIME= 03:27:45
 A reference force value times the tolerance is used by the              
 Newton-Raphson method for checking convergence.  The calculated         
 reference FORCE CONVERGENCE VALUE = 2.657369198E-06 is less than a      
 threshold.  This threshold defaults to 1.0 or is specified as MINREF    
 on the CNVTOL command.  Check results carefully.                        

 *** WARNING ***                         CP =     305.750   TIME= 03:27:50
 A reference force value times the tolerance is used by the              
 Newton-Raphson method for checking convergence.  The calculated         
 reference FORCE CONVERGENCE VALUE = 2.649776534E-06 is less than a      
 threshold.  This threshold defaults to 1.0 or is specified as MINREF    
 on the CNVTOL command.  Check results carefully.                        

 *** WARNING ***                         CP =     310.344   TIME= 03:27:55
 A reference force value times the tolerance is used by the              
 Newton-Raphson method for checking convergence.  The calculated         
 reference FORCE CONVERGENCE VALUE = 2.640319702E-06 is less than a      
 threshold.  This threshold defaults to 1.0 or is specified as MINREF    
 on the CNVTOL command.  Check results carefully.                        

 *** WARNING ***                         CP =     315.125   TIME= 03:28:00
 A reference force value times the tolerance is used by the              
 Newton-Raphson method for checking convergence.  The calculated         
 reference FORCE CONVERGENCE VALUE = 2.625602607E-06 is less than a      
 threshold.  This threshold defaults to 1.0 or is specified as MINREF    
 on the CNVTOL command.  Check results carefully.                        

 *** WARNING ***                         CP =     332.016   TIME= 03:28:18
 A reference force value times the tolerance is used by the              
 Newton-Raphson method for checking convergence.  The calculated         
 reference FORCE CONVERGENCE VALUE = 5.824506274E-07 is less than a      
 threshold.  This threshold defaults to 1.0 or is specified as MINREF    
 on the CNVTOL command.  Check results carefully.                        

 *** WARNING ***                         CP =     338.531   TIME= 03:28:25
 A reference force value times the tolerance is used by the              
 Newton-Raphson method for checking convergence.  The calculated         
 reference FORCE CONVERGENCE VALUE = 5.301329261E-07 is less than a      
 threshold.  This threshold defaults to 1.0 or is specified as MINREF    
 on the CNVTOL command.  Check results carefully.                        

 *** WARNING ***                         CP =     344.281   TIME= 03:28:31
 A reference force value times the tolerance is used by the              
 Newton-Raphson method for checking convergence.  The calculated         
 reference FORCE CONVERGENCE VALUE = 4.827250973E-07 is less than a      
 threshold.  This threshold defaults to 1.0 or is specified as MINREF    
 on the CNVTOL command.  Check results carefully.                        

 *** WARNING ***                         CP =     349.984   TIME= 03:28:37
 A reference force value times the tolerance is used by the              
 Newton-Raphson method for checking convergence.  The calculated         
 reference FORCE CONVERGENCE VALUE = 4.394407176E-07 is less than a      
 threshold.  This threshold defaults to 1.0 or is specified as MINREF    
 on the CNVTOL command.  Check results carefully.                        

 *** WARNING ***                         CP =     355.641   TIME= 03:28:43
 A reference force value times the tolerance is used by the              
 Newton-Raphson method for checking convergence.  The calculated         
 reference FORCE CONVERGENCE VALUE = 3.997208221E-07 is less than a      
 threshold.  This threshold defaults to 1.0 or is specified as MINREF    
 on the CNVTOL command.  Check results carefully.                        

 *** WARNING ***                         CP =     360.125   TIME= 03:28:49
 A reference force value times the tolerance is used by the              
 Newton-Raphson method for checking convergence.  The calculated         
 reference FORCE CONVERGENCE VALUE = 3.631294408E-07 is less than a      
 threshold.  This threshold defaults to 1.0 or is specified as MINREF    
 on the CNVTOL command.  Check results carefully.                        

 *** WARNING ***                         CP =     364.859   TIME= 03:28:54
 A reference force value times the tolerance is used by the              
 Newton-Raphson method for checking convergence.  The calculated         
 reference FORCE CONVERGENCE VALUE = 3.293059555E-07 is less than a      
 threshold.  This threshold defaults to 1.0 or is specified as MINREF    
 on the CNVTOL command.  Check results carefully.                        

 *** WARNING ***                         CP =     369.609   TIME= 03:28:59
 A reference force value times the tolerance is used by the              
 Newton-Raphson method for checking convergence.  The calculated         
 reference FORCE CONVERGENCE VALUE = 2.97979827E-07 is less than a       
 threshold.  This threshold defaults to 1.0 or is specified as MINREF    
 on the CNVTOL command.  Check results carefully.                        

 *** WARNING ***                         CP =     374.312   TIME= 03:29:04
 A reference force value times the tolerance is used by the              
 Newton-Raphson method for checking convergence.  The calculated         
 reference FORCE CONVERGENCE VALUE = 2.689223045E-07 is less than a      
 threshold.  This threshold defaults to 1.0 or is specified as MINREF    
 on the CNVTOL command.  Check results carefully.                        

 *** WARNING ***                         CP =     378.859   TIME= 03:29:09
 A reference force value times the tolerance is used by the              
 Newton-Raphson method for checking convergence.  The calculated         
 reference FORCE CONVERGENCE VALUE = 2.419439352E-07 is less than a      
 threshold.  This threshold defaults to 1.0 or is specified as MINREF    
 on the CNVTOL command.  Check results carefully.                        

 *** WARNING ***                         CP =     382.641   TIME= 03:29:13
 A reference force value times the tolerance is used by the              
 Newton-Raphson method for checking convergence.  The calculated         
 reference FORCE CONVERGENCE VALUE = 2.168881688E-07 is less than a      
 threshold.  This threshold defaults to 1.0 or is specified as MINREF    
 on the CNVTOL command.  Check results carefully.                        

 *** WARNING ***                         CP =     386.516   TIME= 03:29:17
 A reference force value times the tolerance is used by the              
 Newton-Raphson method for checking convergence.  The calculated         
 reference FORCE CONVERGENCE VALUE = 1.93615204E-07 is less than a       
 threshold.  This threshold defaults to 1.0 or is specified as MINREF    
 on the CNVTOL command.  Check results carefully.                        

 *** WARNING ***                         CP =     390.422   TIME= 03:29:21
 A reference force value times the tolerance is used by the              
 Newton-Raphson method for checking convergence.  The calculated         
 reference FORCE CONVERGENCE VALUE = 1.720139076E-07 is less than a      
 threshold.  This threshold defaults to 1.0 or is specified as MINREF    
 on the CNVTOL command.  Check results carefully.                        

 *** WARNING ***                         CP =     394.141   TIME= 03:29:25
 A reference force value times the tolerance is used by the              
 Newton-Raphson method for checking convergence.  The calculated         
 reference FORCE CONVERGENCE VALUE = 1.519855209E-07 is less than a      
 threshold.  This threshold defaults to 1.0 or is specified as MINREF    
 on the CNVTOL command.  Check results carefully.                        

 *** WARNING ***                         CP =     398.094   TIME= 03:29:29
 A reference force value times the tolerance is used by the              
 Newton-Raphson method for checking convergence.  The calculated         
 reference FORCE CONVERGENCE VALUE = 1.334446931E-07 is less than a      
 threshold.  This threshold defaults to 1.0 or is specified as MINREF    
 on the CNVTOL command.  Check results carefully.                        

 *** WARNING ***                         CP =     401.719   TIME= 03:29:33
 A reference force value times the tolerance is used by the              
 Newton-Raphson method for checking convergence.  The calculated         
 reference FORCE CONVERGENCE VALUE = 1.16317307E-07 is less than a       
 threshold.  This threshold defaults to 1.0 or is specified as MINREF    
 on the CNVTOL command.  Check results carefully.                        

 *** WARNING ***                         CP =     405.297   TIME= 03:29:37
 A reference force value times the tolerance is used by the              
 Newton-Raphson method for checking convergence.  The calculated         
 reference FORCE CONVERGENCE VALUE = 1.005387575E-07 is less than a      
 threshold.  This threshold defaults to 1.0 or is specified as MINREF    
 on the CNVTOL command.  Check results carefully.                        

 *** WARNING ***                         CP =     408.219   TIME= 03:29:40
 A reference force value times the tolerance is used by the              
 Newton-Raphson method for checking convergence.  The calculated         
 reference FORCE CONVERGENCE VALUE = 8.605282113E-08 is less than a      
 threshold.  This threshold defaults to 1.0 or is specified as MINREF    
 on the CNVTOL command.  Check results carefully.                        

 *** WARNING ***                         CP =     411.109   TIME= 03:29:43
 A reference force value times the tolerance is used by the              
 Newton-Raphson method for checking convergence.  The calculated         
 reference FORCE CONVERGENCE VALUE = 7.280934132E-08 is less than a      
 threshold.  This threshold defaults to 1.0 or is specified as MINREF    
 on the CNVTOL command.  Check results carefully.                        

 *** WARNING ***                         CP =     413.984   TIME= 03:29:47
 A reference force value times the tolerance is used by the              
 Newton-Raphson method for checking convergence.  The calculated         
 reference FORCE CONVERGENCE VALUE = 6.076559239E-08 is less than a      
 threshold.  This threshold defaults to 1.0 or is specified as MINREF    
 on the CNVTOL command.  Check results carefully.                        

 *** WARNING ***                         CP =     416.781   TIME= 03:29:50
 A reference force value times the tolerance is used by the              
 Newton-Raphson method for checking convergence.  The calculated         
 reference FORCE CONVERGENCE VALUE = 4.988358717E-08 is less than a      
 threshold.  This threshold defaults to 1.0 or is specified as MINREF    
 on the CNVTOL command.  Check results carefully.                        

 *** WARNING ***                         CP =     420.688   TIME= 03:29:54
 A reference force value times the tolerance is used by the              
 Newton-Raphson method for checking convergence.  The calculated         
 reference FORCE CONVERGENCE VALUE = 4.013023106E-08 is less than a      
 threshold.  This threshold defaults to 1.0 or is specified as MINREF    
 on the CNVTOL command.  Check results carefully.                        

 *** WARNING ***                         CP =     424.422   TIME= 03:29:58
 A reference force value times the tolerance is used by the              
 Newton-Raphson method for checking convergence.  The calculated         
 reference FORCE CONVERGENCE VALUE = 3.147641675E-08 is less than a      
 threshold.  This threshold defaults to 1.0 or is specified as MINREF    
 on the CNVTOL command.  Check results carefully.                        

 *** WARNING ***                         CP =     428.562   TIME= 03:30:03
 A reference force value times the tolerance is used by the              
 Newton-Raphson method for checking convergence.  The calculated         
 reference FORCE CONVERGENCE VALUE = 2.389723093E-08 is less than a      
 threshold.  This threshold defaults to 1.0 or is specified as MINREF    
 on the CNVTOL command.  Check results carefully.                        

 *** WARNING ***                         CP =     432.531   TIME= 03:30:07
 A reference force value times the tolerance is used by the              
 Newton-Raphson method for checking convergence.  The calculated         
 reference FORCE CONVERGENCE VALUE = 1.737117736E-08 is less than a      
 threshold.  This threshold defaults to 1.0 or is specified as MINREF    
 on the CNVTOL command.  Check results carefully.                        

 *** WARNING ***                         CP =     436.484   TIME= 03:30:11
 A reference force value times the tolerance is used by the              
 Newton-Raphson method for checking convergence.  The calculated         
 reference FORCE CONVERGENCE VALUE = 1.18799949E-08 is less than a       
 threshold.  This threshold defaults to 1.0 or is specified as MINREF    
 on the CNVTOL command.  Check results carefully.                        

 *** WARNING ***                         CP =     440.344   TIME= 03:30:15
 A reference force value times the tolerance is used by the              
 Newton-Raphson method for checking convergence.  The calculated         
 reference FORCE CONVERGENCE VALUE = 7.408425055E-09 is less than a      
 threshold.  This threshold defaults to 1.0 or is specified as MINREF    
 on the CNVTOL command.  Check results carefully.                        

 *** WARNING ***                         CP =     443.453   TIME= 03:30:19
 A reference force value times the tolerance is used by the              
 Newton-Raphson method for checking convergence.  The calculated         
 reference FORCE CONVERGENCE VALUE = 3.944023818E-09 is less than a      
 threshold.  This threshold defaults to 1.0 or is specified as MINREF    
 on the CNVTOL command.  Check results carefully.                        

 *** WARNING ***                         CP =     446.828   TIME= 03:30:22
 A reference force value times the tolerance is used by the              
 Newton-Raphson method for checking convergence.  The calculated         
 reference FORCE CONVERGENCE VALUE = 1.477015972E-09 is less than a      
 threshold.  This threshold defaults to 1.0 or is specified as MINREF    
 on the CNVTOL command.  Check results carefully.                        

 *** WARNING ***                         CP =     450.500   TIME= 03:30:26
 A reference force value times the tolerance is used by the              
 Newton-Raphson method for checking convergence.  The calculated         
 reference FORCE CONVERGENCE VALUE = 7.776281107E-12 is less than a      
 threshold.  This threshold defaults to 1.0 or is specified as MINREF    
 on the CNVTOL command.  Check results carefully.                        

 *** WARNING ***                         CP =     454.453   TIME= 03:30:30
 A reference force value times the tolerance is used by the              
 Newton-Raphson method for checking convergence.  The calculated         
 reference FORCE CONVERGENCE VALUE = 4.914385249E-10 is less than a      
 threshold.  This threshold defaults to 1.0 or is specified as MINREF    
 on the CNVTOL command.  Check results carefully.                        
